<?xml version="1.0" encoding="UTF-8"?>
<!-- Generated by org.testng.reporters.JUnitReportReporter -->
<testsuite hostname="DESKTOP-8QJA8TG" failures="0" tests="1" name="com.udemy.spring.springselenium.googletest.Google1Test" time="7.121" errors="0" timestamp="2020-10-31T14:22:10 CST" skipped="0">
  <testcase classname="com.udemy.spring.springselenium.googletest.Google1Test" name="googleTest" time="7.121"/>
  <system-out/>
</testsuite> <!-- com.udemy.spring.springselenium.googletest.Google1Test -->
