<?xml version="1.0" encoding="UTF-8"?>
<!-- Generated by org.testng.reporters.JUnitReportReporter -->
<testsuite hostname="DESKTOP-8QJA8TG" failures="0" tests="1" name="com.udemy.spring.springselenium.visa.UserVisaTest" time="0.000" errors="0" timestamp="2020-10-31T14:21:17 CST" skipped="1">
  <testcase classname="com.udemy.spring.springselenium.visa.UserVisaTest" name="visaTest" time="0.000">
    <skipped/>
  </testcase> <!-- visaTest -->
  <system-out/>
</testsuite> <!-- com.udemy.spring.springselenium.visa.UserVisaTest -->
