<?xml version="1.0" encoding="UTF-8"?>
<!-- Generated by org.testng.reporters.JUnitReportReporter -->
<testsuite hostname="DESKTOP-8QJA8TG" failures="0" tests="1" name="com.example.testjpa.TestjpaApplicationTests" time="0.008" errors="0" timestamp="2020-10-31T13:34:25 CST" skipped="0">
  <testcase classname="com.example.testjpa.TestjpaApplicationTests" name="test1" time="0.008"/>
  <system-out/>
</testsuite> <!-- com.example.testjpa.TestjpaApplicationTests -->
